INFO:discord.client:logging in using static token
INFO:discord.gateway:Shard ID None has connected to Gateway (Session ID: 2040b366dbc3f0f4e4911703f70f9aeb).
ERROR:discord.client:Ignoring exception in on_message
Traceback (most recent call last):
  File "C:\Users\Samak\Downloads\Economy-Bot-main\.venv\Lib\site-packages\discord\client.py", line 504, in _run_event
    await coro(*args, **kwargs)
  File "C:\Users\Samak\Downloads\Economy-Bot-main\.venv\Lib\site-packages\discord\ext\commands\bot.py", line 1421, in on_message
    await self.process_commands(message)
  File "C:\Users\Samak\Downloads\Economy-Bot-main\.venv\Lib\site-packages\discord\ext\commands\bot.py", line 1418, in process_commands
    await self.invoke(ctx)  # type: ignore
    ^^^^^^^^^^^^^^^^^^^^^^
  File "C:\Users\Samak\Downloads\Economy-Bot-main\.venv\Lib\site-packages\discord\ext\commands\bot.py", line 1380, in invoke
    await ctx.command.dispatch_error(ctx, exc)
  File "C:\Users\Samak\Downloads\Economy-Bot-main\.venv\Lib\site-packages\discord\ext\commands\core.py", line 683, in dispatch_error
    await wrapped(ctx, error)
  File "C:\Users\Samak\Downloads\Economy-Bot-main\.venv\Lib\site-packages\discord\ext\commands\core.py", line 248, in wrapped
    ret = await coro(*args, **kwargs)
          ^^^^^^^^^^^^^^^^^^^^^^^^^^^
  File "c:\Users\Samak\Downloads\Economy-Bot-main\cogs\dev.py", line 32, in cog_command_error
    raise error
  File "C:\Users\Samak\Downloads\Economy-Bot-main\.venv\Lib\site-packages\discord\ext\commands\bot.py", line 1376, in invoke
    await ctx.command.invoke(ctx)
  File "C:\Users\Samak\Downloads\Economy-Bot-main\.venv\Lib\site-packages\discord\ext\commands\core.py", line 1056, in invoke
    await self.prepare(ctx)
  File "C:\Users\Samak\Downloads\Economy-Bot-main\.venv\Lib\site-packages\discord\ext\commands\core.py", line 973, in prepare
    await self._parse_arguments(ctx)
  File "C:\Users\Samak\Downloads\Economy-Bot-main\.venv\Lib\site-packages\discord\ext\commands\core.py", line 880, in _parse_arguments
    transformed = await self.transform(ctx, param, attachments)
                  ^^^^^^^^^^^^^^^^^^^^^^^^^^^^^^^^^^^^^^^^^^^^^
  File "C:\Users\Samak\Downloads\Economy-Bot-main\.venv\Lib\site-packages\discord\ext\commands\core.py", line 732, in transform
    raise MissingRequiredArgument(param)
discord.ext.commands.errors.MissingRequiredArgument: guild_id is a required argument that is missing.
